#-----------------------------------------------------------
# Vivado v2025.2 (64-bit)
# SW Build 6299465 on Fri Nov 14 12:34:56 MST 2025
# IP Build 6300035 on Fri Nov 14 10:48:45 MST 2025
# SharedData Build 6298862 on Thu Nov 13 04:50:51 MST 2025
# Start of session at: Mon Jan 12 11:37:32 2026
# Process ID         : 30224
# Current directory  : /home/eirik-holm/Documents/Bachelor/fpga_neural_network/FPGA_implementation
# Command line       : vivado -mode batch -source sim.tcl
# Log file           : /home/eirik-holm/Documents/Bachelor/fpga_neural_network/FPGA_implementation/vivado.log
# Journal file       : /home/eirik-holm/Documents/Bachelor/fpga_neural_network/FPGA_implementation/vivado.jou
# Running On         : eirik-holm-HP-ENVY-x360-Convertible-13-ar0xxx
# Platform           : Ubuntu
# Operating System   : Ubuntu 24.04.3 LTS
# Processor Detail   : AMD Ryzen 7 3700U with Radeon Vega Mobile Gfx
# CPU Frequency      : 1389.493 MHz
# CPU Physical cores : 4
# CPU Logical cores  : 8
# Host memory        : 14523 MB
# Swap memory        : 4294 MB
# Total Virtual      : 18818 MB
# Available Virtual  : 14014 MB
#-----------------------------------------------------------
source sim.tcl
# xvlog --sv nbit_counter.sv nbit_counter_tb.sv
WARNING: [Common 17-259] Unknown Tcl command 'xvlog --sv nbit_counter.sv nbit_counter_tb.sv' sending command to the OS shell for execution. It is recommended to use 'exec' to send the command to the OS shell.
invalid command name "xvlog"
    while executing
"xvlog --sv nbit_counter.sv nbit_counter_tb.sv"
    (file "sim.tcl" line 2)
INFO: [Common 17-206] Exiting Vivado at Mon Jan 12 11:37:35 2026...
