#-----------------------------------------------------------
# xsim v2025.2 (64-bit)
# SW Build 6299465 on Fri Nov 14 12:34:56 MST 2025
# IP Build 6300035 on Fri Nov 14 10:48:45 MST 2025
# SharedData Build 6298862 on Thu Nov 13 04:50:51 MST 2025
# Start of session at: Mon Jan 12 11:41:44 2026
# Process ID         : 31464
# Current directory  : /home/eirik-holm/Documents/Bachelor/fpga_neural_network/FPGA_implementation
# Command line       : xsim -mode tcl -source {xsim.dir/sim/xsim_script.tcl}
# Log file           : /home/eirik-holm/Documents/Bachelor/fpga_neural_network/FPGA_implementation/xsim.log
# Journal file       : /home/eirik-holm/Documents/Bachelor/fpga_neural_network/FPGA_implementation/xsim.jou
# Running On         : eirik-holm-HP-ENVY-x360-Convertible-13-ar0xxx
# Platform           : Ubuntu
# Operating System   : Ubuntu 24.04.3 LTS
# Processor Detail   : AMD Ryzen 7 3700U with Radeon Vega Mobile Gfx
# CPU Frequency      : 1759.079 MHz
# CPU Physical cores : 4
# CPU Logical cores  : 8
# Host memory        : 14523 MB
# Swap memory        : 4294 MB
# Total Virtual      : 18818 MB
# Available Virtual  : 13958 MB
#-----------------------------------------------------------
source xsim.dir/sim/xsim_script.tcl
# xsim {sim} -autoloadwcfg -runall
Time resolution is 1 ps
run -all
$finish called at time : 200 ns : File "/home/eirik-holm/Documents/Bachelor/fpga_neural_network/FPGA_implementation/tb_nbit_counter.sv" Line 22
exit
INFO: xsimkernel Simulation Memory Usage: 277020 KB (Peak: 334292 KB), Simulation CPU Usage: 1710 ms
INFO: [Common 17-206] Exiting xsim at Mon Jan 12 11:41:47 2026...
